[2023-05-15 03:59:14,550] [INFO] Created client: client_id=1.
[2023-05-15 03:59:14,554] [INFO] Created client: client_id=2.
[2023-05-15 03:59:14,557] [INFO] Created client: client_id=3.
[2023-05-15 03:59:14,561] [INFO] Created client: client_id=4.
[2023-05-15 03:59:14,564] [INFO] Created client: client_id=5.
[2023-05-15 03:59:14,579] [INFO] Updated client: client_id=1.
[2023-05-15 03:59:14,592] [INFO] Updated client: client_id=2.
[2023-05-15 03:59:14,597] [INFO] Deleted client: client_id=3.
[2023-05-15 03:59:14,682] [INFO] Created client: client_id=6.
[2023-05-15 03:59:14,686] [INFO] Created client: client_id=7.
[2023-05-15 03:59:14,689] [INFO] Created client: client_id=8.
[2023-05-15 03:59:14,692] [INFO] Created client: client_id=9.
[2023-05-15 03:59:14,699] [INFO] Created mailing: mailing_id=1.
[2023-05-15 03:59:14,699] [INFO] [mailing_id=1] Running mailing.
[2023-05-15 03:59:14,699] [INFO] [mailing_id=1] Filtered clients: <QuerySet [<Client: 6>, <Client: 7>]>.
[2023-05-15 03:59:14,701] [INFO] [mailing_id=1] Mailing is within the specified timeframe: start_datetime=2023-05-14 03:59:14.693649+03:00, end_datetime=2023-05-16 03:59:14.693649+03:00.
[2023-05-15 03:59:14,702] [INFO] [message_id=?, client_id=6, mailing_id=1] Sending message...
[2023-05-15 03:59:14,752] [INFO] [message_id=?, client_id=7, mailing_id=1] Sending message...
[2023-05-15 03:59:14,756] [INFO] [message_id=?, client_id=6, mailing_id=1] Sending message task, attempt=1.
[2023-05-15 03:59:14,758] [INFO] Created mailing: mailing_id=2.
[2023-05-15 03:59:14,758] [INFO] [mailing_id=2] Running mailing.
[2023-05-15 03:59:14,758] [INFO] [mailing_id=2] Filtered clients: <QuerySet [<Client: 8>]>.
[2023-05-15 03:59:14,760] [INFO] [mailing_id=2] Mailing start time is in the future: start_datetime=2023-05-15 04:01:14.693649+03:00, end_datetime=2023-05-16 03:59:14.693649+03:00.
[2023-05-15 03:59:14,760] [INFO] [message_id=?, client_id=8, mailing_id=2] Scheduling mailing.
[2023-05-15 03:59:14,819] [INFO] [message_id=1, client_id=6, mailing_id=1] Created message.
[2023-05-15 03:59:14,819] [INFO] [message_id=1, client_id=6, mailing_id=1] Sending request to external service: URL=https://probe.fbrq.cloud/v1/send/1, payload={'id': 1, 'phone': 79141111111, 'text': 'Test message 1'}.
[2023-05-15 03:59:15,085] [INFO] [message_id=1, client_id=6, mailing_id=1] Response status code: 200.
[2023-05-15 03:59:15,085] [INFO] [message_id=1, client_id=6, mailing_id=1] Response body: {'code': 0, 'message': 'OK'}.
[2023-05-15 03:59:15,088] [INFO] [message_id=1, client_id=6, mailing_id=1] Saved message.
[2023-05-15 03:59:15,090] [INFO] [message_id=?, client_id=7, mailing_id=1] Sending message task, attempt=1.
[2023-05-15 03:59:15,154] [INFO] [message_id=2, client_id=7, mailing_id=1] Created message.
[2023-05-15 03:59:15,154] [INFO] [message_id=2, client_id=7, mailing_id=1] Sending request to external service: URL=https://probe.fbrq.cloud/v1/send/2, payload={'id': 2, 'phone': 79142222222, 'text': 'Test message 1'}.
[2023-05-15 03:59:15,296] [INFO] [message_id=2, client_id=7, mailing_id=1] Response status code: 200.
[2023-05-15 03:59:15,297] [INFO] [message_id=2, client_id=7, mailing_id=1] Response body: {'code': 0, 'message': 'OK'}.
[2023-05-15 03:59:15,323] [INFO] [message_id=2, client_id=7, mailing_id=1] Saved message.
[2023-05-15 04:01:14,694] [INFO] [message_id=?, client_id=8, mailing_id=2] Sending message task, attempt=1.
[2023-05-15 04:01:14,755] [INFO] [message_id=3, client_id=8, mailing_id=2] Created message.
[2023-05-15 04:01:14,755] [INFO] [message_id=3, client_id=8, mailing_id=2] Sending request to external service: URL=https://probe.fbrq.cloud/v1/send/3, payload={'id': 3, 'phone': 79264444444, 'text': 'Test message 2'}.
[2023-05-15 04:01:14,901] [INFO] [message_id=3, client_id=8, mailing_id=2] Response status code: 200.
[2023-05-15 04:01:14,902] [INFO] [message_id=3, client_id=8, mailing_id=2] Response body: {'code': 0, 'message': 'OK'}.
[2023-05-15 04:01:14,905] [INFO] [message_id=3, client_id=8, mailing_id=2] Saved message.
[2023-05-15 04:02:24,791] [INFO] Created mailing: mailing_id=3.
[2023-05-15 04:02:24,792] [INFO] [mailing_id=3] Running mailing.
[2023-05-15 04:02:24,792] [INFO] [mailing_id=3] Filtered clients: <QuerySet [<Client: 8>]>.
[2023-05-15 04:02:34,831] [INFO] Created mailing: mailing_id=4.
[2023-05-15 04:02:34,831] [INFO] [mailing_id=4] Running mailing.
[2023-05-15 04:02:34,832] [INFO] [mailing_id=4] Filtered clients: <QuerySet []>.
[2023-05-15 04:02:34,834] [INFO] [mailing_id=4] No clients found for mailing.
[2023-05-15 04:02:44,848] [INFO] Updated mailing: mailing_id=4.
[2023-05-15 04:02:44,858] [INFO] Deleted mailing: mailing_id=4.
